{
  "RSpec": {
    "coverage": {
      "/Users/garethharris/Projects/bank_tech_test/spec/account_spec.rb": {
        "lines": [
          null,
          null,
          1,
          null,
          1,
          1,
          4,
          null,
          null,
          1,
          1,
          null,
          null,
          1,
          1,
          1,
          1,
          2,
          null,
          null,
          1,
          1,
          2,
          2,
          null,
          null,
          1,
          2,
          null,
          null,
          1,
          2,
          null,
          null,
          null
        ]
      },
      "/Users/garethharris/Projects/bank_tech_test/lib/account.rb": {
        "lines": [
          null,
          null,
          1,
          1,
          1,
          null,
          1,
          1,
          8,
          null,
          null,
          1,
          4,
          null,
          null,
          1,
          3,
          null,
          null,
          1,
          2,
          null,
          null
        ]
      },
      "/Users/garethharris/Projects/bank_tech_test/lib/transaction_controller.rb": {
        "lines": [
          null,
          null,
          1,
          null,
          1,
          1,
          null,
          1,
          12,
          null,
          null,
          1,
          6,
          null,
          null,
          1,
          6,
          4,
          null,
          2,
          null,
          null,
          null,
          1,
          7,
          3,
          null,
          4,
          null,
          null,
          null
        ]
      },
      "/Users/garethharris/Projects/bank_tech_test/lib/transaction.rb": {
        "lines": [
          null,
          null,
          1,
          1,
          null,
          1,
          7,
          7,
          7,
          7,
          null,
          null
        ]
      },
      "/Users/garethharris/Projects/bank_tech_test/lib/statement.rb": {
        "lines": [
          null,
          null,
          1,
          1,
          null,
          1,
          5,
          null,
          null,
          1,
          4,
          null,
          4,
          6,
          6,
          6,
          null,
          null,
          4,
          null,
          null
        ]
      },
      "/Users/garethharris/Projects/bank_tech_test/spec/feature_test_spec.rb": {
        "lines": [
          null,
          null,
          1,
          1,
          null,
          1,
          1,
          2,
          null,
          null,
          1,
          1,
          3,
          null,
          null,
          1,
          1,
          1,
          1,
          1,
          1,
          1,
          null,
          null,
          null,
          1,
          1,
          1,
          1,
          1,
          1,
          1,
          null,
          null,
          null,
          1,
          1,
          1,
          1,
          1,
          2,
          null,
          null,
          null,
          null
        ]
      },
      "/Users/garethharris/Projects/bank_tech_test/spec/statement_spec.rb": {
        "lines": [
          null,
          null,
          1,
          null,
          1,
          1,
          2,
          2,
          2,
          2,
          null,
          null,
          1,
          1,
          1,
          null,
          null,
          1,
          1,
          null,
          null
        ]
      },
      "/Users/garethharris/Projects/bank_tech_test/spec/transaction_controller_spec.rb": {
        "lines": [
          null,
          null,
          1,
          null,
          1,
          1,
          4,
          null,
          null,
          1,
          1,
          null,
          null,
          1,
          1,
          1,
          1,
          null,
          null,
          1,
          1,
          null,
          null,
          1,
          1,
          2,
          1,
          1,
          null,
          null
        ]
      },
      "/Users/garethharris/Projects/bank_tech_test/spec/transaction_spec.rb": {
        "lines": [
          null,
          null,
          1,
          null,
          1,
          1,
          1,
          1,
          1,
          1,
          null,
          null
        ]
      }
    },
    "timestamp": 1587483977
  }
}
